<?xml version="1.0" encoding="UTF-8"?>
<testng-results skipped="0" failed="1" ignored="0" total="1" passed="0">
  <reporter-output>
  </reporter-output>
  <suite name="Suite" duration-ms="13927" started-at="2023-05-01T11:21:52 BDT" finished-at="2023-05-01T11:22:06 BDT">
    <groups>
      <group name="cucumber">
        <method signature="AbstractTestNGCucumberTests.runScenario(io.cucumber.testng.PickleWrapper, io.cucumber.testng.FeatureWrapper)[pri:0, instance:Testranner.Cucumberrunner$CucumberRunnerTests@795cd85e]" name="runScenario" class="io.cucumber.testng.AbstractTestNGCucumberTests"/>
      </group> <!-- cucumber -->
    </groups>
    <test name="Cucumber Test Run" duration-ms="13927" started-at="2023-05-01T11:21:52 BDT" finished-at="2023-05-01T11:22:06 BDT">
      <class name="Testranner.Cucumberrunner$CucumberRunnerTests">
        <test-method status="PASS" signature="setUpClass()[pri:0, instance:Testranner.Cucumberrunner$CucumberRunnerTests@795cd85e]" name="setUpClass" is-config="true" duration-ms="559" started-at="2023-05-01T11:21:52 BDT" finished-at="2023-05-01T11:21:53 BDT">
          <reporter-output>
          </reporter-output>
        </test-method> <!-- setUpClass -->
        <test-method status="FAIL" signature="runScenario(io.cucumber.testng.PickleWrapper, io.cucumber.testng.FeatureWrapper)[pri:0, instance:Testranner.Cucumberrunner$CucumberRunnerTests@795cd85e]" name="runScenario" duration-ms="13282" started-at="2023-05-01T11:21:53 BDT" description="Runs Cucumber Scenarios" data-provider="scenarios" finished-at="2023-05-01T11:22:06 BDT">
          <params>
            <param index="0">
              <value>
                <![CDATA["user can register from the valid data"]]>
              </value>
            </param>
            <param index="1">
              <value>
                <![CDATA["Optional[Register]"]]>
              </value>
            </param>
          </params>
          <exception class="java.lang.NullPointerException">
            <full-stacktrace>
              <![CDATA[java.lang.NullPointerException
at Stepdefination.RegisterStepdefs.userEnterFristNameAndLastNameAndEmail(RegisterStepdefs.java:47)
at ✽.user enter 'Pritom' and 'Cruze' and 'cruzepritom@gmail.com'(file:///D:/DataProvaiterr/src/test/resources/Feature/login/register.feature:6)
]]>
            </full-stacktrace>
          </exception> <!-- java.lang.NullPointerException -->
          <reporter-output>
          </reporter-output>
        </test-method> <!-- runScenario -->
        <test-method status="PASS" signature="tearDownClass()[pri:0, instance:Testranner.Cucumberrunner$CucumberRunnerTests@795cd85e]" name="tearDownClass" is-config="true" duration-ms="58" started-at="2023-05-01T11:22:06 BDT" finished-at="2023-05-01T11:22:06 BDT">
          <reporter-output>
          </reporter-output>
        </test-method> <!-- tearDownClass -->
      </class> <!-- Testranner.Cucumberrunner$CucumberRunnerTests -->
    </test> <!-- Cucumber Test Run -->
  </suite> <!-- Suite -->
</testng-results>
