<?xml version="1.0" encoding="UTF-8"?>
<!-- Generated by org.testng.reporters.JUnitReportReporter -->
<testsuite skipped="0" hostname="Pritom" name="Testranner.Cucumberrunner$CucumberRunnerTests" tests="1" failures="0" timestamp="2023-05-03T12:44:11 BDT" time="14.689" errors="1">
  <testcase name="runScenario" time="14.689" classname="Testranner.Cucumberrunner$CucumberRunnerTests">
    <error type="java.lang.NullPointerException">
      <![CDATA[java.lang.NullPointerException
at Stepdefination.RegisterStepdefs.userEnterFristNameAndLastNameAndEmail(RegisterStepdefs.java:51)
at ✽.user enter 'Pritom' and 'Cruze' and 'cruzepritom@gmail.com'(file:///D:/DataProvaiterr/src/test/resources/Feature/login/register.feature:6)
]]>
    </error>
  </testcase> <!-- runScenario -->
  <system-out/>
</testsuite> <!-- Testranner.Cucumberrunner$CucumberRunnerTests -->
